# JRE version: OpenJDK Runtime Environment (8.0_181-b13) (build 1.8.0_181-8u181-b13-0ubuntu0.16.04.1-b13)
# Java VM: OpenJDK Server VM (25.181-b13 mixed mode linux-x86 )
Heap:
 PSYoungGen      total 195584K, used 4235K [0x92580000, 0x9f180000, 0xa6e00000)
  eden space 182528K, 0% used [0x92580000,0x92580000,0x9d7c0000)
  from space 13056K, 32% used [0x9d7c0000,0x9dbe2fc8,0x9e480000)
  to   space 10240K, 0% used [0x9e480000,0x9e480000,0x9ee80000)
 ParOldGen       total 28416K, used 20635K [0x69400000, 0x6afc0000, 0x92580000)
  object space 28416K, 72% used [0x69400000,0x6a826f28,0x6afc0000)
 Metaspace       used 26385K, capacity 27242K, committed 27308K, reserved 27952K
GC Heap History (10 events):
Event: 9,787 GC heap after
Heap after GC invocations=7 (full 0):
 PSYoungGen      total 68352K, used 6398K [0x92580000, 0x9b080000, 0xa6e00000)
  eden space 61952K, 0% used [0x92580000,0x92580000,0x96200000)
  from space 6400K, 99% used [0x96200000,0x9683fba8,0x96840000)
  to   space 9216K, 0% used [0x9a780000,0x9a780000,0x9b080000)
 ParOldGen       total 42496K, used 7335K [0x69400000, 0x6bd80000, 0x92580000)
  object space 42496K, 17% used [0x69400000,0x69b29d30,0x6bd80000)
 Metaspace       used 15519K, capacity 16023K, committed 16048K, reserved 16688K
}
Event: 10,377 GC heap before
{Heap before GC invocations=8 (full 0):
 PSYoungGen      total 68352K, used 64762K [0x92580000, 0x9b080000, 0xa6e00000)
  eden space 61952K, 94% used [0x92580000,0x95e7ec98,0x96200000)
  from space 6400K, 99% used [0x96200000,0x9683fba8,0x96840000)
  to   space 9216K, 0% used [0x9a780000,0x9a780000,0x9b080000)
 ParOldGen       total 42496K, used 7335K [0x69400000, 0x6bd80000, 0x92580000)
  object space 42496K, 17% used [0x69400000,0x69b29d30,0x6bd80000)
 Metaspace       used 15881K, capacity 16384K, committed 16384K, reserved 16688K
Event: 10,390 GC heap after
Heap after GC invocations=8 (full 0):
 PSYoungGen      total 133120K, used 5177K [0x92580000, 0x9b080000, 0xa6e00000)
  eden space 123904K, 0% used [0x92580000,0x92580000,0x99e80000)
  from space 9216K, 56% used [0x9a780000,0x9ac8e4c8,0x9b080000)
  to   space 9216K, 0% used [0x99e80000,0x99e80000,0x9a780000)
 ParOldGen       total 42496K, used 7681K [0x69400000, 0x6bd80000, 0x92580000)
  object space 42496K, 18% used [0x69400000,0x69b806b0,0x6bd80000)
 Metaspace       used 15881K, capacity 16384K, committed 16384K, reserved 16688K
}
Event: 10,390 GC heap before
{Heap before GC invocations=9 (full 1):
 PSYoungGen      total 133120K, used 5177K [0x92580000, 0x9b080000, 0xa6e00000)
  eden space 123904K, 0% used [0x92580000,0x92580000,0x99e80000)
  from space 9216K, 56% used [0x9a780000,0x9ac8e4c8,0x9b080000)
  to   space 9216K, 0% used [0x99e80000,0x99e80000,0x9a780000)
 ParOldGen       total 42496K, used 7681K [0x69400000, 0x6bd80000, 0x92580000)
  object space 42496K, 18% used [0x69400000,0x69b806b0,0x6bd80000)
 Metaspace       used 15881K, capacity 16384K, committed 16384K, reserved 16688K
Event: 10,443 GC heap after
Heap after GC invocations=9 (full 1):
 PSYoungGen      total 133120K, used 0K [0x92580000, 0x9b080000, 0xa6e00000)
  eden space 123904K, 0% used [0x92580000,0x92580000,0x99e80000)
  from space 9216K, 0% used [0x9a780000,0x9a780000,0x9b080000)
  to   space 9216K, 0% used [0x99e80000,0x99e80000,0x9a780000)
 ParOldGen       total 28416K, used 6858K [0x69400000, 0x6afc0000, 0x92580000)
  object space 28416K, 24% used [0x69400000,0x69ab29e0,0x6afc0000)
 Metaspace       used 15881K, capacity 16384K, committed 16384K, reserved 16688K
}
Event: 14,084 GC heap before
{Heap before GC invocations=10 (full 1):
 PSYoungGen      total 133120K, used 123904K [0x92580000, 0x9b080000, 0xa6e00000)
  eden space 123904K, 100% used [0x92580000,0x99e80000,0x99e80000)
  from space 9216K, 0% used [0x9a780000,0x9a780000,0x9b080000)
  to   space 9216K, 0% used [0x99e80000,0x99e80000,0x9a780000)
 ParOldGen       total 28416K, used 6858K [0x69400000, 0x6afc0000, 0x92580000)
  object space 28416K, 24% used [0x69400000,0x69ab29e0,0x6afc0000)
 Metaspace       used 19744K, capacity 20552K, committed 20656K, reserved 20784K
Event: 14,105 GC heap after
Heap after GC invocations=10 (full 1):
 PSYoungGen      total 133120K, used 8645K [0x92580000, 0x9ee80000, 0xa6e00000)
  eden space 123904K, 0% used [0x92580000,0x92580000,0x99e80000)
  from space 9216K, 93% used [0x99e80000,0x9a6f1458,0x9a780000)
  to   space 10240K, 0% used [0x9e480000,0x9e480000,0x9ee80000)
 ParOldGen       total 28416K, used 6862K [0x69400000, 0x6afc0000, 0x92580000)
  object space 28416K, 24% used [0x69400000,0x69ab39e0,0x6afc0000)
 Metaspace       used 19744K, capacity 20552K, committed 20656K, reserved 20784K
}
Event: 21,282 GC heap before
{Heap before GC invocations=11 (full 1):
 PSYoungGen      total 133120K, used 132549K [0x92580000, 0x9ee80000, 0xa6e00000)
  eden space 123904K, 100% used [0x92580000,0x99e80000,0x99e80000)
  from space 9216K, 93% used [0x99e80000,0x9a6f1458,0x9a780000)
  to   space 10240K, 0% used [0x9e480000,0x9e480000,0x9ee80000)
 ParOldGen       total 28416K, used 6862K [0x69400000, 0x6afc0000, 0x92580000)
  object space 28416K, 24% used [0x69400000,0x69ab39e0,0x6afc0000)
 Metaspace       used 23437K, capacity 24302K, committed 24368K, reserved 24880K
Event: 21,328 GC heap after
Heap after GC invocations=11 (full 1):
 PSYoungGen      total 192768K, used 10224K [0x92580000, 0x9f180000, 0xa6e00000)
  eden space 182528K, 0% used [0x92580000,0x92580000,0x9d7c0000)
  from space 10240K, 99% used [0x9e480000,0x9ee7c1c8,0x9ee80000)
  to   space 13056K, 0% used [0x9d7c0000,0x9d7c0000,0x9e480000)
 ParOldGen       total 28416K, used 10403K [0x69400000, 0x6afc0000, 0x92580000)
  object space 28416K, 36% used [0x69400000,0x69e28cc0,0x6afc0000)
 Metaspace       used 23437K, capacity 24302K, committed 24368K, reserved 24880K
}
Event: 24,935 GC heap before
{Heap before GC invocations=12 (full 1):
 PSYoungGen      total 192768K, used 45877K [0x92580000, 0x9f180000, 0xa6e00000)
  eden space 182528K, 19% used [0x92580000,0x94851610,0x9d7c0000)
  from space 10240K, 99% used [0x9e480000,0x9ee7c1c8,0x9ee80000)
  to   space 13056K, 0% used [0x9d7c0000,0x9d7c0000,0x9e480000)
 ParOldGen       total 28416K, used 10403K [0x69400000, 0x6afc0000, 0x92580000)
  object space 28416K, 36% used [0x69400000,0x69e28cc0,0x6afc0000)
 Metaspace       used 26385K, capacity 27242K, committed 27308K, reserved 27952K

