# JRE version: OpenJDK Runtime Environment (8.0_181-b13) (build 1.8.0_181-8u181-b13-0ubuntu0.16.04.1-b13)
# Java VM: OpenJDK Server VM (25.181-b13 mixed mode linux-x86 )
Heap:
 PSYoungGen      total 196608K, used 4845K [0x92580000, 0x9f200000, 0xa6e00000)
  eden space 183808K, 0% used [0x92580000,0x92580000,0x9d900000)
  from space 12800K, 37% used [0x9d900000,0x9ddbb5b0,0x9e580000)
  to   space 10240K, 0% used [0x9e580000,0x9e580000,0x9ef80000)
 ParOldGen       total 27904K, used 19787K [0x69400000, 0x6af40000, 0x92580000)
  object space 27904K, 70% used [0x69400000,0x6a752ee8,0x6af40000)
 Metaspace       used 26369K, capacity 27242K, committed 27308K, reserved 27952K
GC Heap History (10 events):
Event: 10,807 GC heap after
Heap after GC invocations=7 (full 0):
 PSYoungGen      total 68352K, used 6397K [0x92580000, 0x9b080000, 0xa6e00000)
  eden space 61952K, 0% used [0x92580000,0x92580000,0x96200000)
  from space 6400K, 99% used [0x96200000,0x9683f680,0x96840000)
  to   space 9216K, 0% used [0x9a780000,0x9a780000,0x9b080000)
 ParOldGen       total 42496K, used 7341K [0x69400000, 0x6bd80000, 0x92580000)
  object space 42496K, 17% used [0x69400000,0x69b2b5d0,0x6bd80000)
 Metaspace       used 15585K, capacity 16090K, committed 16176K, reserved 16688K
}
Event: 11,198 GC heap before
{Heap before GC invocations=8 (full 0):
 PSYoungGen      total 68352K, used 58660K [0x92580000, 0x9b080000, 0xa6e00000)
  eden space 61952K, 84% used [0x92580000,0x95889a88,0x96200000)
  from space 6400K, 99% used [0x96200000,0x9683f680,0x96840000)
  to   space 9216K, 0% used [0x9a780000,0x9a780000,0x9b080000)
 ParOldGen       total 42496K, used 7341K [0x69400000, 0x6bd80000, 0x92580000)
  object space 42496K, 17% used [0x69400000,0x69b2b5d0,0x6bd80000)
 Metaspace       used 15859K, capacity 16363K, committed 16384K, reserved 16688K
Event: 11,210 GC heap after
Heap after GC invocations=8 (full 0):
 PSYoungGen      total 132608K, used 4850K [0x92580000, 0x9b000000, 0xa6e00000)
  eden space 123904K, 0% used [0x92580000,0x92580000,0x99e80000)
  from space 8704K, 55% used [0x9a780000,0x9ac3cb08,0x9b000000)
  to   space 8960K, 0% used [0x99e80000,0x99e80000,0x9a740000)
 ParOldGen       total 42496K, used 7710K [0x69400000, 0x6bd80000, 0x92580000)
  object space 42496K, 18% used [0x69400000,0x69b87ab8,0x6bd80000)
 Metaspace       used 15859K, capacity 16363K, committed 16384K, reserved 16688K
}
Event: 11,210 GC heap before
{Heap before GC invocations=9 (full 1):
 PSYoungGen      total 132608K, used 4850K [0x92580000, 0x9b000000, 0xa6e00000)
  eden space 123904K, 0% used [0x92580000,0x92580000,0x99e80000)
  from space 8704K, 55% used [0x9a780000,0x9ac3cb08,0x9b000000)
  to   space 8960K, 0% used [0x99e80000,0x99e80000,0x9a740000)
 ParOldGen       total 42496K, used 7710K [0x69400000, 0x6bd80000, 0x92580000)
  object space 42496K, 18% used [0x69400000,0x69b87ab8,0x6bd80000)
 Metaspace       used 15859K, capacity 16363K, committed 16384K, reserved 16688K
Event: 11,265 GC heap after
Heap after GC invocations=9 (full 1):
 PSYoungGen      total 132608K, used 0K [0x92580000, 0x9b000000, 0xa6e00000)
  eden space 123904K, 0% used [0x92580000,0x92580000,0x99e80000)
  from space 8704K, 0% used [0x9a780000,0x9a780000,0x9b000000)
  to   space 8960K, 0% used [0x99e80000,0x99e80000,0x9a740000)
 ParOldGen       total 27904K, used 6534K [0x69400000, 0x6af40000, 0x92580000)
  object space 27904K, 23% used [0x69400000,0x69a61a08,0x6af40000)
 Metaspace       used 15859K, capacity 16363K, committed 16384K, reserved 16688K
}
Event: 15,633 GC heap before
{Heap before GC invocations=10 (full 1):
 PSYoungGen      total 132608K, used 123904K [0x92580000, 0x9b000000, 0xa6e00000)
  eden space 123904K, 100% used [0x92580000,0x99e80000,0x99e80000)
  from space 8704K, 0% used [0x9a780000,0x9a780000,0x9b000000)
  to   space 8960K, 0% used [0x99e80000,0x99e80000,0x9a740000)
 ParOldGen       total 27904K, used 6534K [0x69400000, 0x6af40000, 0x92580000)
  object space 27904K, 23% used [0x69400000,0x69a61a08,0x6af40000)
 Metaspace       used 19584K, capacity 20384K, committed 20400K, reserved 20784K
Event: 15,653 GC heap after
Heap after GC invocations=10 (full 1):
 PSYoungGen      total 132864K, used 8537K [0x92580000, 0x9ef80000, 0xa6e00000)
  eden space 123904K, 0% used [0x92580000,0x92580000,0x99e80000)
  from space 8960K, 95% used [0x99e80000,0x9a6d6520,0x9a740000)
  to   space 10240K, 0% used [0x9e580000,0x9e580000,0x9ef80000)
 ParOldGen       total 27904K, used 6534K [0x69400000, 0x6af40000, 0x92580000)
  object space 27904K, 23% used [0x69400000,0x69a61a08,0x6af40000)
 Metaspace       used 19584K, capacity 20384K, committed 20400K, reserved 20784K
}
Event: 38,094 GC heap before
{Heap before GC invocations=11 (full 1):
 PSYoungGen      total 132864K, used 132441K [0x92580000, 0x9ef80000, 0xa6e00000)
  eden space 123904K, 100% used [0x92580000,0x99e80000,0x99e80000)
  from space 8960K, 95% used [0x99e80000,0x9a6d6520,0x9a740000)
  to   space 10240K, 0% used [0x9e580000,0x9e580000,0x9ef80000)
 ParOldGen       total 27904K, used 6534K [0x69400000, 0x6af40000, 0x92580000)
  object space 27904K, 23% used [0x69400000,0x69a61a08,0x6af40000)
 Metaspace       used 22714K, capacity 23562K, committed 23600K, reserved 23856K
Event: 38,198 GC heap after
Heap after GC invocations=11 (full 1):
 PSYoungGen      total 194048K, used 10227K [0x92580000, 0x9f200000, 0xa6e00000)
  eden space 183808K, 0% used [0x92580000,0x92580000,0x9d900000)
  from space 10240K, 99% used [0x9e580000,0x9ef7cc28,0x9ef80000)
  to   space 12800K, 0% used [0x9d900000,0x9d900000,0x9e580000)
 ParOldGen       total 27904K, used 9618K [0x69400000, 0x6af40000, 0x92580000)
  object space 27904K, 34% used [0x69400000,0x69d64a28,0x6af40000)
 Metaspace       used 22714K, capacity 23562K, committed 23600K, reserved 23856K
}
Event: 93,685 GC heap before
{Heap before GC invocations=12 (full 1):
 PSYoungGen      total 194048K, used 49917K [0x92580000, 0x9f200000, 0xa6e00000)
  eden space 183808K, 21% used [0x92580000,0x94c42958,0x9d900000)
  from space 10240K, 99% used [0x9e580000,0x9ef7cc28,0x9ef80000)
  to   space 12800K, 0% used [0x9d900000,0x9d900000,0x9e580000)
 ParOldGen       total 27904K, used 9618K [0x69400000, 0x6af40000, 0x92580000)
  object space 27904K, 34% used [0x69400000,0x69d64a28,0x6af40000)
 Metaspace       used 26369K, capacity 27242K, committed 27308K, reserved 27952K

